<?xml version="1.0" encoding="UTF-8"?>
<!-- Generated by org.testng.reporters.JUnitReportReporter -->
<testsuite hostname="DESKTOP-C2NQTD1" failures="0" tests="3" name="tests.UserRegistrationTest" time="6.857" errors="0" timestamp="2022-02-07T23:57:47 EET" skipped="0">
  <testcase classname="tests.UserRegistrationTest" name="RegisteredUserCanLogin" time="1.616"/>
  <system-out/>
  <testcase classname="tests.UserRegistrationTest" name="RegisteredUserCanLogout" time="2.259"/>
  <system-out/>
  <testcase classname="tests.UserRegistrationTest" name="UserCanRegisterSuccessfully" time="2.982"/>
  <system-out/>
</testsuite> <!-- tests.UserRegistrationTest -->
