<?xml version="1.0" encoding="UTF-8"?>
<!-- Generated by org.testng.reporters.JUnitReportReporter -->
<testsuite hostname="DESKTOP-C2NQTD1" failures="0" tests="5" name="tests.MyAccountTest" time="9.174" errors="0" timestamp="2022-02-13T14:27:16 EET" skipped="0">
  <testcase classname="tests.MyAccountTest" name="UserCanRegisterSuccessfully" time="2.168"/>
  <system-out/>
  <testcase classname="tests.MyAccountTest" name="RegisteredUserCanChangePassword" time="2.635"/>
  <system-out/>
  <testcase classname="tests.MyAccountTest" name="RegisteredUserCanLogout" time="1.824"/>
  <system-out/>
  <testcase classname="tests.MyAccountTest" name="RegisteredUserCanLogin" time="1.754"/>
  <system-out/>
  <testcase classname="tests.MyAccountTest" name="UserLogout" time="0.793"/>
  <system-out/>
</testsuite> <!-- tests.MyAccountTest -->
