<?xml version="1.0" encoding="UTF-8"?>
<!-- Generated by org.testng.reporters.JUnitReportReporter -->
<testsuite hostname="DESKTOP-C2NQTD1" failures="0" tests="4" name="tests.UserRegistrationTest" time="6.167" errors="0" timestamp="2022-02-13T14:27:16 EET" skipped="0">
  <testcase classname="tests.UserRegistrationTest" name="RegisteredUserCanLogin" time="1.962"/>
  <system-out/>
  <testcase classname="tests.UserRegistrationTest" name="UserCanLogout" time="0.822"/>
  <system-out/>
  <testcase classname="tests.UserRegistrationTest" name="RegisteredUserCanLogout" time="0.836"/>
  <system-out/>
  <testcase classname="tests.UserRegistrationTest" name="UserCanRegisterSuccessfully" time="2.547"/>
  <system-out/>
</testsuite> <!-- tests.UserRegistrationTest -->
