<?xml version="1.0" encoding="UTF-8"?>
<!-- Generated by org.testng.reporters.JUnitReportReporter -->
<testsuite skipped="0" hostname="DESKTOP-C2NQTD1" name="tests.SearchProductTestWithAutoSuggest" tests="1" failures="0" timestamp="2022-03-30T22:15:51 EET" time="3.047" errors="0">
  <testcase name="UserCanSearchForProductWithAutoSuggest" time="3.047" classname="tests.SearchProductTestWithAutoSuggest"/>
  <system-out/>
</testsuite> <!-- tests.SearchProductTestWithAutoSuggest -->
