<?xml version="1.0" encoding="UTF-8"?>
<!-- Generated by org.testng.reporters.JUnitReportReporter -->
<testsuite skipped="0" hostname="DESKTOP-C2NQTD1" name="tests.UserRegistrationTest" tests="3" failures="0" timestamp="2022-02-07T20:13:12 EET" time="7.659" errors="0">
  <testcase name="RegisteredUserCanLogout" time="1.385" classname="tests.UserRegistrationTest"/>
  <system-out/>
  <testcase name="RegisteredUserCanLogin" time="2.743" classname="tests.UserRegistrationTest"/>
  <system-out/>
  <testcase name="UserCanRegisterSuccessfully" time="3.531" classname="tests.UserRegistrationTest"/>
  <system-out/>
</testsuite> <!-- tests.UserRegistrationTest -->
