<?xml version="1.0" encoding="UTF-8"?>
<!-- Generated by org.testng.reporters.JUnitReportReporter -->
<testsuite skipped="0" hostname="DESKTOP-C2NQTD1" name="tests.MyAccountTest" tests="5" failures="0" timestamp="2022-03-30T22:24:43 EET" time="10.322" errors="0">
  <testcase name="UserCanRegisterSuccessfully" time="2.414" classname="tests.MyAccountTest"/>
  <system-out/>
  <testcase name="RegisteredUserCanChangePassword" time="3.780" classname="tests.MyAccountTest"/>
  <system-out/>
  <testcase name="RegisteredUserCanLogout" time="1.034" classname="tests.MyAccountTest"/>
  <system-out/>
  <testcase name="RegisteredUserCanLogin" time="2.063" classname="tests.MyAccountTest"/>
  <system-out/>
  <testcase name="UserLogout" time="1.031" classname="tests.MyAccountTest"/>
  <system-out/>
</testsuite> <!-- tests.MyAccountTest -->
