<?xml version="1.0" encoding="UTF-8"?>
<!-- Generated by org.testng.reporters.JUnitReportReporter -->
<testsuite skipped="0" hostname="DESKTOP-C2NQTD1" name="tests.UserRegistrationTest" tests="4" failures="0" timestamp="2022-03-30T22:24:43 EET" time="7.029" errors="0">
  <testcase name="RegisteredUserCanLogin" time="2.095" classname="tests.UserRegistrationTest"/>
  <system-out/>
  <testcase name="RegisteredUserCanLogout" time="1.098" classname="tests.UserRegistrationTest"/>
  <system-out/>
  <testcase name="UserCanLogout" time="0.992" classname="tests.UserRegistrationTest"/>
  <system-out/>
  <testcase name="UserCanRegisterSuccessfully" time="2.844" classname="tests.UserRegistrationTest"/>
  <system-out/>
</testsuite> <!-- tests.UserRegistrationTest -->
