<?xml version="1.0" encoding="UTF-8"?>
<!-- Generated by org.testng.reporters.JUnitReportReporter -->
<testsuite skipped="0" hostname="DESKTOP-C2NQTD1" name="tests.UserRegistrationTest" tests="8" failures="0" timestamp="2022-04-07T16:37:37 EET" time="14.955" errors="0">
  <testcase name="RegisteredUserCanLogout" time="1.092" classname="tests.UserRegistrationTest"/>
  <system-out/>
  <testcase name="RegisteredUserCanLogin" time="2.204" classname="tests.UserRegistrationTest"/>
  <system-out/>
  <testcase name="UserCanLogout" time="1.238" classname="tests.UserRegistrationTest"/>
  <system-out/>
  <testcase name="RegisteredUserCanLogin" time="2.312" classname="tests.UserRegistrationTest"/>
  <system-out/>
  <testcase name="RegisteredUserCanLogout" time="1.225" classname="tests.UserRegistrationTest"/>
  <system-out/>
  <testcase name="UserCanLogout" time="1.067" classname="tests.UserRegistrationTest"/>
  <system-out/>
  <testcase name="UserCanRegisterSuccessfully" time="3.091" classname="tests.UserRegistrationTest"/>
  <system-out/>
  <testcase name="UserCanRegisterSuccessfully" time="2.726" classname="tests.UserRegistrationTest"/>
  <system-out/>
</testsuite> <!-- tests.UserRegistrationTest -->
