<?xml version="1.0" encoding="UTF-8"?>
<!-- Generated by org.testng.reporters.JUnitReportReporter -->
<testsuite skipped="0" hostname="DESKTOP-C2NQTD1" name="tests.ContactUsTest" tests="1" failures="0" timestamp="2022-03-30T22:24:43 EET" time="1.831" errors="0">
  <testcase name="UserCanContactWebsiteOwner" time="1.831" classname="tests.ContactUsTest"/>
  <system-out/>
</testsuite> <!-- tests.ContactUsTest -->
