<?xml version="1.0" encoding="UTF-8"?>
<!-- Generated by org.testng.reporters.JUnitReportReporter -->
<testsuite skipped="0" hostname="DESKTOP-C2NQTD1" name="tests.SearchProductTestWithAutoSuggest" tests="2" failures="0" timestamp="2022-04-07T16:37:37 EET" time="0.367" errors="0">
  <testcase name="UserCanSearchForProductWithAutoSuggest" time="0.149" classname="tests.SearchProductTestWithAutoSuggest"/>
  <system-out/>
  <testcase name="UserCanSearchForProductWithAutoSuggest" time="0.218" classname="tests.SearchProductTestWithAutoSuggest"/>
  <system-out/>
</testsuite> <!-- tests.SearchProductTestWithAutoSuggest -->
