<?xml version="1.0" encoding="UTF-8"?>
<!-- Generated by org.testng.reporters.JUnitReportReporter -->
<testsuite skipped="0" hostname="DESKTOP-C2NQTD1" name="tests.ContactUsTest" tests="2" failures="0" timestamp="2022-04-07T16:37:37 EET" time="4.294" errors="0">
  <testcase name="UserCanContactWebsiteOwner" time="1.890" classname="tests.ContactUsTest"/>
  <system-out/>
  <testcase name="UserCanContactWebsiteOwner" time="2.404" classname="tests.ContactUsTest"/>
  <system-out/>
</testsuite> <!-- tests.ContactUsTest -->
