<?xml version="1.0" encoding="UTF-8"?>
<!-- Generated by org.testng.reporters.JUnitReportReporter -->
<testsuite skipped="0" hostname="DESKTOP-C2NQTD1" name="tests.UserRegistrationTest" tests="4" failures="0" timestamp="2022-03-30T22:15:51 EET" time="6.049" errors="0">
  <testcase name="RegisteredUserCanLogout" time="0.809" classname="tests.UserRegistrationTest"/>
  <system-out/>
  <testcase name="RegisteredUserCanLogin" time="1.885" classname="tests.UserRegistrationTest"/>
  <system-out/>
  <testcase name="UserCanLogout" time="0.901" classname="tests.UserRegistrationTest"/>
  <system-out/>
  <testcase name="UserCanRegisterSuccessfully" time="2.454" classname="tests.UserRegistrationTest"/>
  <system-out/>
</testsuite> <!-- tests.UserRegistrationTest -->
