<?xml version="1.0" encoding="UTF-8"?>
<!-- Generated by org.testng.reporters.JUnitReportReporter -->
<testsuite skipped="0" hostname="DESKTOP-C2NQTD1" name="tests.SearchProductTest" tests="1" failures="0" timestamp="2022-03-30T22:15:51 EET" time="2.287" errors="0">
  <testcase name="UserCanSearchForProducts" time="2.287" classname="tests.SearchProductTest"/>
  <system-out/>
</testsuite> <!-- tests.SearchProductTest -->
