<?xml version="1.0" encoding="UTF-8"?>
<!-- Generated by org.testng.reporters.JUnitReportReporter -->
<testsuite skipped="0" hostname="DESKTOP-C2NQTD1" name="tests.MyAccountTest" tests="5" failures="0" timestamp="2022-03-30T22:15:51 EET" time="8.883" errors="0">
  <testcase name="UserCanRegisterSuccessfully" time="2.055" classname="tests.MyAccountTest"/>
  <system-out/>
  <testcase name="RegisteredUserCanChangePassword" time="3.534" classname="tests.MyAccountTest"/>
  <system-out/>
  <testcase name="RegisteredUserCanLogout" time="0.885" classname="tests.MyAccountTest"/>
  <system-out/>
  <testcase name="RegisteredUserCanLogin" time="1.602" classname="tests.MyAccountTest"/>
  <system-out/>
  <testcase name="UserLogout" time="0.807" classname="tests.MyAccountTest"/>
  <system-out/>
</testsuite> <!-- tests.MyAccountTest -->
