<?xml version="1.0" encoding="UTF-8"?>
<!-- Generated by org.testng.reporters.JUnitReportReporter -->
<testsuite skipped="0" hostname="DESKTOP-C2NQTD1" name="tests.ContactUsTest" tests="1" failures="0" timestamp="2022-03-30T22:15:51 EET" time="1.697" errors="0">
  <testcase name="UserCanContactWebsiteOwner" time="1.697" classname="tests.ContactUsTest"/>
  <system-out/>
</testsuite> <!-- tests.ContactUsTest -->
