<?xml version="1.0" encoding="UTF-8"?>
<!-- Generated by org.testng.reporters.JUnitReportReporter -->
<testsuite skipped="0" hostname="DESKTOP-C2NQTD1" name="tests.SearchProductTest" tests="2" failures="0" timestamp="2022-04-07T16:37:37 EET" time="8.036" errors="0">
  <testcase name="UserCanSearchForProducts" time="5.322" classname="tests.SearchProductTest"/>
  <system-out/>
  <testcase name="UserCanSearchForProducts" time="2.714" classname="tests.SearchProductTest"/>
  <system-out/>
</testsuite> <!-- tests.SearchProductTest -->
